<?xml version="1.0" encoding="UTF-8"?>
<!-- Generated by org.testng.reporters.JUnitXMLReporter -->
<testsuite hostname="luojinyingdeMacBook-Pro.local" name="Default test" tests="6" failures="0" timestamp="27 Jan 2020 13:54:05 GMT" time="91.64" errors="0">
  <testcase name="testRecharge" time="0.7" classname="com.luosi.cases.RechargeCase"/>
  <testcase name="testRecharge" time="0.096" classname="com.luosi.cases.RechargeCase"/>
  <testcase name="testRecharge" time="0.094" classname="com.luosi.cases.RechargeCase"/>
  <testcase name="testRecharge" time="0.085" classname="com.luosi.cases.RechargeCase"/>
  <testcase name="testRecharge" time="0.098" classname="com.luosi.cases.RechargeCase"/>
  <testcase name="testRecharge" time="0.097" classname="com.luosi.cases.RechargeCase"/>
</testsuite> <!-- Default test -->
