<?xml version="1.0" encoding="UTF-8"?>
<testng-results skipped="0" failed="2" total="17" passed="15">
  <reporter-output>
  </reporter-output>
  <suite name="柠檬前程贷" duration-ms="7491" started-at="2020-02-01T13:54:59Z" finished-at="2020-02-01T13:55:06Z">
    <groups>
    </groups>
    <test name="用户模块" duration-ms="7491" started-at="2020-02-01T13:54:59Z" finished-at="2020-02-01T13:55:06Z">
      <class name="com.luosi.cases.LoginCase">
        <test-method status="PASS" signature="init()[pri:0, instance:com.luosi.cases.LoginCase@48e64352]" name="init" is-config="true" duration-ms="39" started-at="2020-02-01T21:54:59Z" finished-at="2020-02-01T21:54:59Z">
          <reporter-output>
          </reporter-output>
        </test-method> <!-- init -->
        <test-method status="PASS" signature="testLogin(com.luosi.pojo.API, com.luosi.pojo.Case)[pri:0, instance:com.luosi.cases.LoginCase@48e64352]" name="testLogin" duration-ms="103" started-at="2020-02-01T21:55:03Z" description="登录测试" data-provider="datas" finished-at="2020-02-01T21:55:03Z">
          <params>
            <param index="0">
              <value>
                <![CDATA[API [id=2, name=login, type=post, url=http://api.lemonban.com/futureloan/member/login, contentType=json]]]>
              </value>
            </param>
            <param index="1">
              <value>
                <![CDATA[Case [caseId=7, desc=传手机号，不传密码, params={"mobile_phone":"13308000618","pwd":""}, apiId=2, expectData={"code":2,"msg":"密码为空","data":null,"copyright":"Copyright 柠檬班 © 2017-2019 湖南省零檬信息技术有限公司 All Rights Reserved"}, sql=]]]>
              </value>
            </param>
          </params>
          <reporter-output>
          </reporter-output>
        </test-method> <!-- testLogin -->
        <test-method status="PASS" signature="testLogin(com.luosi.pojo.API, com.luosi.pojo.Case)[pri:0, instance:com.luosi.cases.LoginCase@48e64352]" name="testLogin" duration-ms="118" started-at="2020-02-01T21:55:03Z" description="登录测试" data-provider="datas" finished-at="2020-02-01T21:55:03Z">
          <params>
            <param index="0">
              <value>
                <![CDATA[API [id=2, name=login, type=post, url=http://api.lemonban.com/futureloan/member/login, contentType=json]]]>
              </value>
            </param>
            <param index="1">
              <value>
                <![CDATA[Case [caseId=8, desc=不传手机号，传密码, params={"mobile_phone":"","pwd":"12345678"}, apiId=2, expectData={"code":2,"msg":"手机号码为空","data":null,"copyright":"Copyright 柠檬班 © 2017-2019 湖南省零檬信息技术有限公司 All Rights Reserved"}, sql=]]]>
              </value>
            </param>
          </params>
          <reporter-output>
          </reporter-output>
        </test-method> <!-- testLogin -->
        <test-method status="PASS" signature="testLogin(com.luosi.pojo.API, com.luosi.pojo.Case)[pri:0, instance:com.luosi.cases.LoginCase@48e64352]" name="testLogin" duration-ms="145" started-at="2020-02-01T21:55:03Z" description="登录测试" data-provider="datas" finished-at="2020-02-01T21:55:04Z">
          <params>
            <param index="0">
              <value>
                <![CDATA[API [id=2, name=login, type=post, url=http://api.lemonban.com/futureloan/member/login, contentType=json]]]>
              </value>
            </param>
            <param index="1">
              <value>
                <![CDATA[Case [caseId=9, desc=未注册过的手机号, params={"mobile_phone":"13333333333","pwd":"123456"}, apiId=2, expectData={"code":1001,"msg":"账号信息错误","data":null,"copyright":"Copyright 柠檬班 © 2017-2019 湖南省零檬信息技术有限公司 All Rights Reserved"}, sql=]]]>
              </value>
            </param>
          </params>
          <reporter-output>
          </reporter-output>
        </test-method> <!-- testLogin -->
        <test-method status="PASS" signature="testLogin(com.luosi.pojo.API, com.luosi.pojo.Case)[pri:0, instance:com.luosi.cases.LoginCase@48e64352]" name="testLogin" duration-ms="147" started-at="2020-02-01T21:55:04Z" description="登录测试" data-provider="datas" finished-at="2020-02-01T21:55:04Z">
          <params>
            <param index="0">
              <value>
                <![CDATA[API [id=2, name=login, type=post, url=http://api.lemonban.com/futureloan/member/login, contentType=json]]]>
              </value>
            </param>
            <param index="1">
              <value>
                <![CDATA[Case [caseId=10, desc=不满足条件的密码, params={"mobile_phone":"13308000618","pwd":"12345"}, apiId=2, expectData={"code":1001,"msg":"账号信息错误","data":null,"copyright":"Copyright 柠檬班 © 2017-2019 湖南省零檬信息技术有限公司 All Rights Reserved"}, sql=]]]>
              </value>
            </param>
          </params>
          <reporter-output>
          </reporter-output>
        </test-method> <!-- testLogin -->
        <test-method status="PASS" signature="testLogin(com.luosi.pojo.API, com.luosi.pojo.Case)[pri:0, instance:com.luosi.cases.LoginCase@48e64352]" name="testLogin" duration-ms="118" started-at="2020-02-01T21:55:04Z" description="登录测试" data-provider="datas" finished-at="2020-02-01T21:55:04Z">
          <params>
            <param index="0">
              <value>
                <![CDATA[API [id=2, name=login, type=post, url=http://api.lemonban.com/futureloan/member/login, contentType=json]]]>
              </value>
            </param>
            <param index="1">
              <value>
                <![CDATA[Case [caseId=11, desc=已注册的账号, params={"mobile_phone":"13308000618","pwd":"12345678"}, apiId=2, expectData=[{"value":0,"expression":"$.code"}], sql=]]]>
              </value>
            </param>
          </params>
          <reporter-output>
          </reporter-output>
        </test-method> <!-- testLogin -->
        <test-method status="PASS" signature="finish()[pri:0, instance:com.luosi.cases.LoginCase@48e64352]" name="finish" is-config="true" duration-ms="233" started-at="2020-02-01T21:55:06Z" finished-at="2020-02-01T21:55:06Z">
          <reporter-output>
          </reporter-output>
        </test-method> <!-- finish -->
      </class> <!-- com.luosi.cases.LoginCase -->
      <class name="com.luosi.cases.RechargeCase">
        <test-method status="FAIL" signature="testRecharge(com.luosi.pojo.API, com.luosi.pojo.Case)[pri:0, instance:com.luosi.cases.RechargeCase@3d4d3fe7]" name="testRecharge" duration-ms="84" started-at="2020-02-01T21:55:04Z" description="充值测试" data-provider="datas" finished-at="2020-02-01T21:55:04Z">
          <params>
            <param index="0">
              <value>
                <![CDATA[API [id=3, name=recharge, type=post, url=http://api.lemonban.com/futureloan/member/recharge, contentType=json]]]>
              </value>
            </param>
            <param index="1">
              <value>
                <![CDATA[Case [caseId=12, desc=非当前账号id, params={"member_id":"-1","amount":"6300"}, apiId=3, expectData=[{"value":1008,"expression":"$.code"}], sql=]]]>
              </value>
            </param>
          </params>
          <exception class="java.lang.AssertionError">
            <message>
              <![CDATA[expected [Pass] but found [Fail]]]>
            </message>
            <full-stacktrace>
              <![CDATA[java.lang.AssertionError: expected [Pass] but found [Fail]
	at org.testng.Assert.fail(Assert.java:94)
	at org.testng.Assert.failNotEquals(Assert.java:494)
	at org.testng.Assert.assertEquals(Assert.java:123)
	at org.testng.Assert.assertEquals(Assert.java:176)
	at org.testng.Assert.assertEquals(Assert.java:186)
	at com.luosi.cases.RechargeCase.testRecharge(RechargeCase.java:50)
	at sun.reflect.NativeMethodAccessorImpl.invoke0(Native Method)
	at sun.reflect.NativeMethodAccessorImpl.invoke(NativeMethodAccessorImpl.java:62)
	at sun.reflect.DelegatingMethodAccessorImpl.invoke(DelegatingMethodAccessorImpl.java:43)
	at java.lang.reflect.Method.invoke(Method.java:498)
	at org.testng.internal.MethodInvocationHelper.invokeMethod(MethodInvocationHelper.java:84)
	at org.testng.internal.Invoker.invokeMethod(Invoker.java:714)
	at org.testng.internal.Invoker.invokeTestMethod(Invoker.java:901)
	at org.testng.internal.Invoker.invokeTestMethods(Invoker.java:1231)
	at org.testng.internal.TestMethodWorker.invokeTestMethods(TestMethodWorker.java:127)
	at org.testng.internal.TestMethodWorker.run(TestMethodWorker.java:111)
	at org.testng.TestRunner.privateRun(TestRunner.java:767)
	at org.testng.TestRunner.run(TestRunner.java:617)
	at org.testng.SuiteRunner.runTest(SuiteRunner.java:348)
	at org.testng.SuiteRunner.runSequentially(SuiteRunner.java:343)
	at org.testng.SuiteRunner.privateRun(SuiteRunner.java:305)
	at org.testng.SuiteRunner.run(SuiteRunner.java:254)
	at org.testng.SuiteRunnerWorker.runSuite(SuiteRunnerWorker.java:52)
	at org.testng.SuiteRunnerWorker.run(SuiteRunnerWorker.java:86)
	at org.testng.TestNG.runSuitesSequentially(TestNG.java:1224)
	at org.testng.TestNG.runSuitesLocally(TestNG.java:1149)
	at org.testng.TestNG.run(TestNG.java:1057)
	at org.apache.maven.surefire.testng.TestNGExecutor.run(TestNGExecutor.java:283)
	at org.apache.maven.surefire.testng.TestNGXmlTestSuite.execute(TestNGXmlTestSuite.java:75)
	at org.apache.maven.surefire.testng.TestNGProvider.invoke(TestNGProvider.java:120)
	at org.apache.maven.surefire.booter.ForkedBooter.invokeProviderInSameClassLoader(ForkedBooter.java:384)
	at org.apache.maven.surefire.booter.ForkedBooter.runSuitesInProcess(ForkedBooter.java:345)
	at org.apache.maven.surefire.booter.ForkedBooter.execute(ForkedBooter.java:126)
	at org.apache.maven.surefire.booter.ForkedBooter.main(ForkedBooter.java:418)
]]>
            </full-stacktrace>
          </exception> <!-- java.lang.AssertionError -->
          <reporter-output>
          </reporter-output>
        </test-method> <!-- testRecharge -->
        <test-method status="PASS" signature="testRecharge(com.luosi.pojo.API, com.luosi.pojo.Case)[pri:0, instance:com.luosi.cases.RechargeCase@3d4d3fe7]" name="testRecharge" duration-ms="100" started-at="2020-02-01T21:55:04Z" description="充值测试" data-provider="datas" finished-at="2020-02-01T21:55:04Z">
          <params>
            <param index="0">
              <value>
                <![CDATA[API [id=3, name=recharge, type=post, url=http://api.lemonban.com/futureloan/member/recharge, contentType=json]]]>
              </value>
            </param>
            <param index="1">
              <value>
                <![CDATA[Case [caseId=13, desc=超过50万, params={"member_id":"911726","amount":"1116300"}, apiId=3, expectData=[{"value":2,"expression":"$.code"}], sql=]]]>
              </value>
            </param>
          </params>
          <reporter-output>
          </reporter-output>
        </test-method> <!-- testRecharge -->
        <test-method status="PASS" signature="testRecharge(com.luosi.pojo.API, com.luosi.pojo.Case)[pri:0, instance:com.luosi.cases.RechargeCase@3d4d3fe7]" name="testRecharge" duration-ms="95" started-at="2020-02-01T21:55:04Z" description="充值测试" data-provider="datas" finished-at="2020-02-01T21:55:04Z">
          <params>
            <param index="0">
              <value>
                <![CDATA[API [id=3, name=recharge, type=post, url=http://api.lemonban.com/futureloan/member/recharge, contentType=json]]]>
              </value>
            </param>
            <param index="1">
              <value>
                <![CDATA[Case [caseId=14, desc=负数, params={"member_id":"911726","amount":"-6300"}, apiId=3, expectData=[{"value":2,"expression":"$.code"}], sql=]]]>
              </value>
            </param>
          </params>
          <reporter-output>
          </reporter-output>
        </test-method> <!-- testRecharge -->
        <test-method status="FAIL" signature="testRecharge(com.luosi.pojo.API, com.luosi.pojo.Case)[pri:0, instance:com.luosi.cases.RechargeCase@3d4d3fe7]" name="testRecharge" duration-ms="97" started-at="2020-02-01T21:55:04Z" description="充值测试" data-provider="datas" finished-at="2020-02-01T21:55:04Z">
          <params>
            <param index="0">
              <value>
                <![CDATA[API [id=3, name=recharge, type=post, url=http://api.lemonban.com/futureloan/member/recharge, contentType=json]]]>
              </value>
            </param>
            <param index="1">
              <value>
                <![CDATA[Case [caseId=15, desc=非数字, params={"member_id":"911726","amount":"SSS"}, apiId=3, expectData=[{"value":0,"expression":"$.code"},{"value":"OK","expression":"$.msg"}], sql=]]]>
              </value>
            </param>
          </params>
          <exception class="java.lang.AssertionError">
            <message>
              <![CDATA[expected [Pass] but found [Fail]]]>
            </message>
            <full-stacktrace>
              <![CDATA[java.lang.AssertionError: expected [Pass] but found [Fail]
	at org.testng.Assert.fail(Assert.java:94)
	at org.testng.Assert.failNotEquals(Assert.java:494)
	at org.testng.Assert.assertEquals(Assert.java:123)
	at org.testng.Assert.assertEquals(Assert.java:176)
	at org.testng.Assert.assertEquals(Assert.java:186)
	at com.luosi.cases.RechargeCase.testRecharge(RechargeCase.java:50)
	at sun.reflect.NativeMethodAccessorImpl.invoke0(Native Method)
	at sun.reflect.NativeMethodAccessorImpl.invoke(NativeMethodAccessorImpl.java:62)
	at sun.reflect.DelegatingMethodAccessorImpl.invoke(DelegatingMethodAccessorImpl.java:43)
	at java.lang.reflect.Method.invoke(Method.java:498)
	at org.testng.internal.MethodInvocationHelper.invokeMethod(MethodInvocationHelper.java:84)
	at org.testng.internal.Invoker.invokeMethod(Invoker.java:714)
	at org.testng.internal.Invoker.invokeTestMethod(Invoker.java:901)
	at org.testng.internal.Invoker.invokeTestMethods(Invoker.java:1231)
	at org.testng.internal.TestMethodWorker.invokeTestMethods(TestMethodWorker.java:127)
	at org.testng.internal.TestMethodWorker.run(TestMethodWorker.java:111)
	at org.testng.TestRunner.privateRun(TestRunner.java:767)
	at org.testng.TestRunner.run(TestRunner.java:617)
	at org.testng.SuiteRunner.runTest(SuiteRunner.java:348)
	at org.testng.SuiteRunner.runSequentially(SuiteRunner.java:343)
	at org.testng.SuiteRunner.privateRun(SuiteRunner.java:305)
	at org.testng.SuiteRunner.run(SuiteRunner.java:254)
	at org.testng.SuiteRunnerWorker.runSuite(SuiteRunnerWorker.java:52)
	at org.testng.SuiteRunnerWorker.run(SuiteRunnerWorker.java:86)
	at org.testng.TestNG.runSuitesSequentially(TestNG.java:1224)
	at org.testng.TestNG.runSuitesLocally(TestNG.java:1149)
	at org.testng.TestNG.run(TestNG.java:1057)
	at org.apache.maven.surefire.testng.TestNGExecutor.run(TestNGExecutor.java:283)
	at org.apache.maven.surefire.testng.TestNGXmlTestSuite.execute(TestNGXmlTestSuite.java:75)
	at org.apache.maven.surefire.testng.TestNGProvider.invoke(TestNGProvider.java:120)
	at org.apache.maven.surefire.booter.ForkedBooter.invokeProviderInSameClassLoader(ForkedBooter.java:384)
	at org.apache.maven.surefire.booter.ForkedBooter.runSuitesInProcess(ForkedBooter.java:345)
	at org.apache.maven.surefire.booter.ForkedBooter.execute(ForkedBooter.java:126)
	at org.apache.maven.surefire.booter.ForkedBooter.main(ForkedBooter.java:418)
]]>
            </full-stacktrace>
          </exception> <!-- java.lang.AssertionError -->
          <reporter-output>
          </reporter-output>
        </test-method> <!-- testRecharge -->
        <test-method status="PASS" signature="testRecharge(com.luosi.pojo.API, com.luosi.pojo.Case)[pri:0, instance:com.luosi.cases.RechargeCase@3d4d3fe7]" name="testRecharge" duration-ms="888" started-at="2020-02-01T21:55:04Z" description="充值测试" data-provider="datas" finished-at="2020-02-01T21:55:05Z">
          <params>
            <param index="0">
              <value>
                <![CDATA[API [id=3, name=recharge, type=post, url=http://api.lemonban.com/futureloan/member/recharge, contentType=json]]]>
              </value>
            </param>
            <param index="1">
              <value>
                <![CDATA[Case [caseId=16, desc=正确用例, params={"member_id":"911726","amount":"6300"}, apiId=3, expectData=[{"value":0,"expression":"$.code"},{"value":"OK","expression":"$.msg"}], sql=select leave_amount from member where id = 911726]]]>
              </value>
            </param>
          </params>
          <reporter-output>
          </reporter-output>
        </test-method> <!-- testRecharge -->
        <test-method status="PASS" signature="testRecharge(com.luosi.pojo.API, com.luosi.pojo.Case)[pri:0, instance:com.luosi.cases.RechargeCase@3d4d3fe7]" name="testRecharge" duration-ms="877" started-at="2020-02-01T21:55:05Z" description="充值测试" data-provider="datas" finished-at="2020-02-01T21:55:06Z">
          <params>
            <param index="0">
              <value>
                <![CDATA[API [id=3, name=recharge, type=post, url=http://api.lemonban.com/futureloan/member/recharge, contentType=json]]]>
              </value>
            </param>
            <param index="1">
              <value>
                <![CDATA[Case [caseId=17, desc=正确用例, params={"member_id":"911726","amount":"5300"}, apiId=3, expectData=[{"value":0,"expression":"$.code"},{"value":"OK","expression":"$.msg"}], sql=select leave_amount from member where id = 911726]]]>
              </value>
            </param>
          </params>
          <reporter-output>
          </reporter-output>
        </test-method> <!-- testRecharge -->
      </class> <!-- com.luosi.cases.RechargeCase -->
      <class name="com.luosi.cases.RegisterCase">
        <test-method status="PASS" signature="testRegister(com.luosi.pojo.API, com.luosi.pojo.Case)[pri:0, instance:com.luosi.cases.RegisterCase@210386e0]" name="testRegister" duration-ms="874" started-at="2020-02-01T21:55:00Z" description="注册测试" data-provider="datas" finished-at="2020-02-01T21:55:01Z">
          <params>
            <param index="0">
              <value>
                <![CDATA[API [id=1, name=register, type=post, url=http://api.lemonban.com/futureloan/member/register, contentType=json]]]>
              </value>
            </param>
            <param index="1">
              <value>
                <![CDATA[Case [caseId=1, desc=传手机号,不传密码, params={"mobile_phone":"13308000618","pwd":""}, apiId=1, expectData={"code":1,"msg":"密码为空","data":null,"copyright":"Copyright 柠檬班 © 2017-2019 湖南省零檬信息技术有限公司 All Rights Reserved"}, sql=]]]>
              </value>
            </param>
          </params>
          <reporter-output>
          </reporter-output>
        </test-method> <!-- testRegister -->
        <test-method status="PASS" signature="testRegister(com.luosi.pojo.API, com.luosi.pojo.Case)[pri:0, instance:com.luosi.cases.RegisterCase@210386e0]" name="testRegister" duration-ms="103" started-at="2020-02-01T21:55:01Z" description="注册测试" data-provider="datas" finished-at="2020-02-01T21:55:01Z">
          <params>
            <param index="0">
              <value>
                <![CDATA[API [id=1, name=register, type=post, url=http://api.lemonban.com/futureloan/member/register, contentType=json]]]>
              </value>
            </param>
            <param index="1">
              <value>
                <![CDATA[Case [caseId=2, desc=不传手机号，传密码, params={"mobile_phone":"","pwd":"123456"}, apiId=1, expectData={"code":1,"msg":"手机号为空","data":null,"copyright":"Copyright 柠檬班 © 2017-2019 湖南省零檬信息技术有限公司 All Rights Reserved"}, sql=]]]>
              </value>
            </param>
          </params>
          <reporter-output>
          </reporter-output>
        </test-method> <!-- testRegister -->
        <test-method status="PASS" signature="testRegister(com.luosi.pojo.API, com.luosi.pojo.Case)[pri:0, instance:com.luosi.cases.RegisterCase@210386e0]" name="testRegister" duration-ms="96" started-at="2020-02-01T21:55:01Z" description="注册测试" data-provider="datas" finished-at="2020-02-01T21:55:01Z">
          <params>
            <param index="0">
              <value>
                <![CDATA[API [id=1, name=register, type=post, url=http://api.lemonban.com/futureloan/member/register, contentType=json]]]>
              </value>
            </param>
            <param index="1">
              <value>
                <![CDATA[Case [caseId=3, desc=不合格的手机号, params={"mobile_phone":"123","pwd":"12345678"}, apiId=1, expectData={"code":2,"msg":"无效的手机格式","data":null,"copyright":"Copyright 柠檬班 © 2017-2019 湖南省零檬信息技术有限公司 All Rights Reserved"}, sql=]]]>
              </value>
            </param>
          </params>
          <reporter-output>
          </reporter-output>
        </test-method> <!-- testRegister -->
        <test-method status="PASS" signature="testRegister(com.luosi.pojo.API, com.luosi.pojo.Case)[pri:0, instance:com.luosi.cases.RegisterCase@210386e0]" name="testRegister" duration-ms="97" started-at="2020-02-01T21:55:01Z" description="注册测试" data-provider="datas" finished-at="2020-02-01T21:55:02Z">
          <params>
            <param index="0">
              <value>
                <![CDATA[API [id=1, name=register, type=post, url=http://api.lemonban.com/futureloan/member/register, contentType=json]]]>
              </value>
            </param>
            <param index="1">
              <value>
                <![CDATA[Case [caseId=4, desc=合格的手机号+不合格密码, params={"mobile_phone":"13308000618","pwd":"12345"}, apiId=1, expectData={"code":2,"msg":"密码格式为8到16位","data":null,"copyright":"Copyright 柠檬班 © 2017-2019 湖南省零檬信息技术有限公司 All Rights Reserved"}, sql=]]]>
              </value>
            </param>
          </params>
          <reporter-output>
          </reporter-output>
        </test-method> <!-- testRegister -->
        <test-method status="PASS" signature="testRegister(com.luosi.pojo.API, com.luosi.pojo.Case)[pri:0, instance:com.luosi.cases.RegisterCase@210386e0]" name="testRegister" duration-ms="1552" started-at="2020-02-01T21:55:02Z" description="注册测试" data-provider="datas" finished-at="2020-02-01T21:55:03Z">
          <params>
            <param index="0">
              <value>
                <![CDATA[API [id=1, name=register, type=post, url=http://api.lemonban.com/futureloan/member/register, contentType=json]]]>
              </value>
            </param>
            <param index="1">
              <value>
                <![CDATA[Case [caseId=5, desc=合格手机号+合格密码, params={"mobile_phone":"13308000618","pwd":"12345678"}, apiId=1, expectData=[{"value":0,"expression":"$.code"}], sql=select count(*) from member where mobile_phone = '13308000618';]]]>
              </value>
            </param>
          </params>
          <reporter-output>
          </reporter-output>
        </test-method> <!-- testRegister -->
        <test-method status="PASS" signature="testRegister(com.luosi.pojo.API, com.luosi.pojo.Case)[pri:0, instance:com.luosi.cases.RegisterCase@210386e0]" name="testRegister" duration-ms="146" started-at="2020-02-01T21:55:03Z" description="注册测试" data-provider="datas" finished-at="2020-02-01T21:55:03Z">
          <params>
            <param index="0">
              <value>
                <![CDATA[API [id=1, name=register, type=post, url=http://api.lemonban.com/futureloan/member/register, contentType=json]]]>
              </value>
            </param>
            <param index="1">
              <value>
                <![CDATA[Case [caseId=6, desc=重复以上的手机号+密码, params={"mobile_phone":"13308000618","pwd":"12345678"}, apiId=1, expectData={"code":2,"msg":"账号已存在","data":null,"copyright":"Copyright 柠檬班 © 2017-2019 湖南省零檬信息技术有限公司 All Rights Reserved"}, sql=]]]>
              </value>
            </param>
          </params>
          <reporter-output>
          </reporter-output>
        </test-method> <!-- testRegister -->
      </class> <!-- com.luosi.cases.RegisterCase -->
    </test> <!-- 用户模块 -->
  </suite> <!-- 柠檬前程贷 -->
</testng-results>
