<?xml version="1.0" encoding="UTF-8"?>
<testsuite xmlns:xsi="http://www.w3.org/2001/XMLSchema-instance" xsi:noNamespaceSchemaLocation="https://maven.apache.org/surefire/maven-surefire-plugin/xsd/surefire-test-report.xsd" name="TestSuite" time="9.021" tests="17" errors="0" skipped="0" failures="2">
  <properties>
[...]
</properties>
  <testcase name="testRegister" classname="com.luosi.cases.RegisterCase" time="0.864"/>
  <testcase name="testRegister" classname="com.luosi.cases.RegisterCase" time="0.103"/>
  <testcase name="testRegister" classname="com.luosi.cases.RegisterCase" time="0.096"/>
  <testcase name="testRegister" classname="com.luosi.cases.RegisterCase" time="0.097"/>
  <testcase name="testRegister" classname="com.luosi.cases.RegisterCase" time="1.551"/>
  <testcase name="testRegister" classname="com.luosi.cases.RegisterCase" time="0.147"/>
  <testcase name="testLogin" classname="com.luosi.cases.LoginCase" time="0.104"/>
  <testcase name="testLogin" classname="com.luosi.cases.LoginCase" time="0.119"/>
  <testcase name="testLogin" classname="com.luosi.cases.LoginCase" time="0.145"/>
  <testcase name="testLogin" classname="com.luosi.cases.LoginCase" time="0.148"/>
  <testcase name="testLogin" classname="com.luosi.cases.LoginCase" time="0.122"/>
  <testcase name="testRecharge" classname="com.luosi.cases.RechargeCase" time="0.101">
    <failure message="expected [Pass] but found [Fail]" type="java.lang.AssertionError">java.lang.AssertionError: expected [Pass] but found [Fail]
	at com.luosi.cases.RechargeCase.testRecharge(RechargeCase.java:50)
</failure>
    <system-out><![CDATA[[INFO] 2020-02-01 21:55:04 method: com.luosi.cases.RechargeCase.testRecharge(RechargeCase.java:21)----*******************充值测试********************
token:eyJhbGciOiJIUzUxMiJ9.eyJtZW1iZXJfaWQiOjkxMTcyNiwiZXhwIjoxNTgwNTY1NjA0fQ.sJN2vlzw4D78EsoCvPn0IzL89gYxWAk_ctu6mVNayl_fZCnVbqh7BpWLt6ZI8zUu8vsCe8Kus4U_N-4JDC3wTA
[INFO] 2020-02-01 21:55:04 method: com.luosi.utils.HttpUtils.testPostJson(HttpUtils.java:116)----Headers:[Server: nginx/1.4.2, Date: Sat, 01 Feb 2020 13:55:04 GMT, Content-Type: application/json;charset=UTF-8, Transfer-Encoding: chunked, Connection: keep-alive]
[INFO] 2020-02-01 21:55:04 method: com.luosi.utils.HttpUtils.testPostJson(HttpUtils.java:117)----statusCode:200
[INFO] 2020-02-01 21:55:04 method: com.luosi.utils.HttpUtils.testPostJson(HttpUtils.java:118)----body:{"code":1007,"msg":"无权限访问，请检查参数","data":null,"copyright":"Copyright 柠檬班 © 2017-2019 湖南省零檬信息技术有限公司 All Rights Reserved"}
responseBody:{"code":1007,"msg":"无权限访问，请检查参数","data":null,"copyright":"Copyright 柠檬班 © 2017-2019 湖南省零檬信息技术有限公司 All Rights Reserved"}
响应断言结果：false
]]></system-out>
  </testcase>
  <testcase name="testRecharge" classname="com.luosi.cases.RechargeCase" time="0.099"/>
  <testcase name="testRecharge" classname="com.luosi.cases.RechargeCase" time="0.097"/>
  <testcase name="testRecharge" classname="com.luosi.cases.RechargeCase" time="0.098">
    <failure message="expected [Pass] but found [Fail]" type="java.lang.AssertionError">java.lang.AssertionError: expected [Pass] but found [Fail]
	at com.luosi.cases.RechargeCase.testRecharge(RechargeCase.java:50)
</failure>
    <system-out><![CDATA[[INFO] 2020-02-01 21:55:04 method: com.luosi.cases.RechargeCase.testRecharge(RechargeCase.java:21)----*******************充值测试********************
token:eyJhbGciOiJIUzUxMiJ9.eyJtZW1iZXJfaWQiOjkxMTcyNiwiZXhwIjoxNTgwNTY1NjA0fQ.sJN2vlzw4D78EsoCvPn0IzL89gYxWAk_ctu6mVNayl_fZCnVbqh7BpWLt6ZI8zUu8vsCe8Kus4U_N-4JDC3wTA
[INFO] 2020-02-01 21:55:04 method: com.luosi.utils.HttpUtils.testPostJson(HttpUtils.java:116)----Headers:[Server: nginx/1.4.2, Date: Sat, 01 Feb 2020 13:55:04 GMT, Content-Type: application/json;charset=UTF-8, Transfer-Encoding: chunked, Connection: keep-alive]
[INFO] 2020-02-01 21:55:04 method: com.luosi.utils.HttpUtils.testPostJson(HttpUtils.java:117)----statusCode:200
[INFO] 2020-02-01 21:55:04 method: com.luosi.utils.HttpUtils.testPostJson(HttpUtils.java:118)----body:{"code":2,"msg":"数字格式化异常","data":null,"copyright":"Copyright 柠檬班 © 2017-2019 湖南省零檬信息技术有限公司 All Rights Reserved"}
responseBody:{"code":2,"msg":"数字格式化异常","data":null,"copyright":"Copyright 柠檬班 © 2017-2019 湖南省零檬信息技术有限公司 All Rights Reserved"}
响应断言结果：false
]]></system-out>
  </testcase>
  <testcase name="testRecharge" classname="com.luosi.cases.RechargeCase" time="0.888"/>
  <testcase name="testRecharge" classname="com.luosi.cases.RechargeCase" time="0.877"/>
</testsuite>