<?xml version="1.0" encoding="UTF-8"?>
<!-- Generated by org.testng.reporters.JUnitXMLReporter -->
<testsuite hostname="luojinyingdeMacBook-Pro.local" name="用户模块" tests="17" failures="2" timestamp="4 Feb 2020 03:42:47 GMT" time="8.109" errors="0">
  <testcase name="testRegister" time="1.208" classname="com.luosi.cases.RegisterCase"/>
  <testcase name="testRegister" time="0.099" classname="com.luosi.cases.RegisterCase"/>
  <testcase name="testRegister" time="0.105" classname="com.luosi.cases.RegisterCase"/>
  <testcase name="testRegister" time="0.112" classname="com.luosi.cases.RegisterCase"/>
  <testcase name="testRegister" time="1.553" classname="com.luosi.cases.RegisterCase"/>
  <testcase name="testRegister" time="0.123" classname="com.luosi.cases.RegisterCase"/>
  <testcase name="testLogin" time="0.097" classname="com.luosi.cases.LoginCase"/>
  <testcase name="testLogin" time="0.089" classname="com.luosi.cases.LoginCase"/>
  <testcase name="testLogin" time="0.134" classname="com.luosi.cases.LoginCase"/>
  <testcase name="testLogin" time="0.133" classname="com.luosi.cases.LoginCase"/>
  <testcase name="testLogin" time="0.132" classname="com.luosi.cases.LoginCase"/>
  <testcase name="testRecharge" time="0.109" classname="com.luosi.cases.RechargeCase">
    <failure type="java.lang.AssertionError" message="expected [Pass] but found [Fail]">
      <![CDATA[java.lang.AssertionError: expected [Pass] but found [Fail]
	at com.luosi.cases.RechargeCase.testRecharge(RechargeCase.java:50)
... Removed 29 stack frames]]>
    </failure>
  </testcase> <!-- testRecharge -->
  <testcase name="testRecharge" time="0.095" classname="com.luosi.cases.RechargeCase"/>
  <testcase name="testRecharge" time="0.105" classname="com.luosi.cases.RechargeCase"/>
  <testcase name="testRecharge" time="0.103" classname="com.luosi.cases.RechargeCase">
    <failure type="java.lang.AssertionError" message="expected [Pass] but found [Fail]">
      <![CDATA[java.lang.AssertionError: expected [Pass] but found [Fail]
	at com.luosi.cases.RechargeCase.testRecharge(RechargeCase.java:50)
... Removed 29 stack frames]]>
    </failure>
  </testcase> <!-- testRecharge -->
  <testcase name="testRecharge" time="1.003" classname="com.luosi.cases.RechargeCase"/>
  <testcase name="testRecharge" time="0.82" classname="com.luosi.cases.RechargeCase"/>
</testsuite> <!-- 用户模块 -->
