<?xml version="1.0" encoding="UTF-8"?>
<!-- Generated by org.testng.reporters.JUnitXMLReporter -->
<testsuite hostname="luojinyingdeMacBook-Pro.local" name="用户模块" tests="17" failures="2" timestamp="1 Feb 2020 13:55:06 GMT" time="7.491" errors="0">
  <testcase name="testRegister" time="0.874" classname="com.luosi.cases.RegisterCase"/>
  <testcase name="testRegister" time="0.103" classname="com.luosi.cases.RegisterCase"/>
  <testcase name="testRegister" time="0.096" classname="com.luosi.cases.RegisterCase"/>
  <testcase name="testRegister" time="0.097" classname="com.luosi.cases.RegisterCase"/>
  <testcase name="testRegister" time="1.552" classname="com.luosi.cases.RegisterCase"/>
  <testcase name="testRegister" time="0.146" classname="com.luosi.cases.RegisterCase"/>
  <testcase name="testLogin" time="0.103" classname="com.luosi.cases.LoginCase"/>
  <testcase name="testLogin" time="0.118" classname="com.luosi.cases.LoginCase"/>
  <testcase name="testLogin" time="0.145" classname="com.luosi.cases.LoginCase"/>
  <testcase name="testLogin" time="0.147" classname="com.luosi.cases.LoginCase"/>
  <testcase name="testLogin" time="0.118" classname="com.luosi.cases.LoginCase"/>
  <testcase name="testRecharge" time="0.084" classname="com.luosi.cases.RechargeCase">
    <failure type="java.lang.AssertionError" message="expected [Pass] but found [Fail]">
      <![CDATA[java.lang.AssertionError: expected [Pass] but found [Fail]
	at com.luosi.cases.RechargeCase.testRecharge(RechargeCase.java:50)
... Removed 33 stack frames]]>
    </failure>
  </testcase> <!-- testRecharge -->
  <testcase name="testRecharge" time="0.1" classname="com.luosi.cases.RechargeCase"/>
  <testcase name="testRecharge" time="0.095" classname="com.luosi.cases.RechargeCase"/>
  <testcase name="testRecharge" time="0.097" classname="com.luosi.cases.RechargeCase">
    <failure type="java.lang.AssertionError" message="expected [Pass] but found [Fail]">
      <![CDATA[java.lang.AssertionError: expected [Pass] but found [Fail]
	at com.luosi.cases.RechargeCase.testRecharge(RechargeCase.java:50)
... Removed 33 stack frames]]>
    </failure>
  </testcase> <!-- testRecharge -->
  <testcase name="testRecharge" time="0.888" classname="com.luosi.cases.RechargeCase"/>
  <testcase name="testRecharge" time="0.877" classname="com.luosi.cases.RechargeCase"/>
</testsuite> <!-- 用户模块 -->
